<?xml version="1.0" encoding="UTF-8"?>
<!-- Generated by org.testng.reporters.JUnitXMLReporter -->
<testsuite ignored="0" hostname="kosarau" failures="1" tests="1" name="Hardcore" time="36.946" errors="0" timestamp="2021-04-13T19:40:32 MSK">
  <testcase classname="framework.googleCloudPriceCalculatorApp.test.HardcoreTest" name="googleCloudPriceEstimateTotalMonthlyCostInEmailIsTheSameAsOnEstimateResultPage" time="30.926">
    <failure type="org.openqa.selenium.NoSuchElementException" message="Unable to locate element: //h2[@class = &amp;apos;md-title&amp;apos;]/b[@class = &amp;apos;ng-binding2&amp;apos;]
For documentation on this error, please visit: https://selenium.dev/exceptions/#no_such_element
Build info: version: &amp;apos;4.0.0-alpha-7&amp;apos;, revision: &amp;apos;de8579b6d5&amp;apos;
System info: host: &amp;apos;KOSARAU&amp;apos;, ip: &amp;apos;192.168.100.26&amp;apos;, os.name: &amp;apos;Windows 10&amp;apos;, os.arch: &amp;apos;amd64&amp;apos;, os.version: &amp;apos;10.0&amp;apos;, java.version: &amp;apos;10.0.2&amp;apos;
Driver info: org.openqa.selenium.firefox.FirefoxDriver
Capabilities {acceptInsecureCerts: true, browserName: firefox, browserVersion: 87.0, javascriptEnabled: true, moz:accessibilityChecks: false, moz:buildID: 20210318103112, moz:geckodriverVersion: 0.29.0, moz:headless: false, moz:processID: 9644, moz:profile: C:\Users\kosarau\AppData\Lo..., moz:shutdownTimeout: 60000, moz:useNonSpecCompliantPointerOrigin: false, moz:webdriverClick: true, pageLoadStrategy: normal, platform: WINDOWS, platformName: WINDOWS, platformVersion: 10.0, rotatable: false, setWindowRect: true, strictFileInteractability: false, timeouts: {implicit: 0, pageLoad: 300000, script: 30000}, unhandledPromptBehavior: dismiss and notify}
Session ID: fd65def1-457e-4969-818b-488ad491ffa7
*** Element info: {Using=xpath, value=//h2[@class = &amp;apos;md-title&amp;apos;]/b[@class = &amp;apos;ng-binding2&amp;apos;]}">
      <![CDATA[org.openqa.selenium.NoSuchElementException: Unable to locate element: //h2[@class = 'md-title']/b[@class = 'ng-binding2']
For documentation on this error, please visit: https://selenium.dev/exceptions/#no_such_element
Build info: version: '4.0.0-alpha-7', revision: 'de8579b6d5'
System info: host: 'KOSARAU', ip: '192.168.100.26', os.name: 'Windows 10', os.arch: 'amd64', os.version: '10.0', java.version: '10.0.2'
Driver info: org.openqa.selenium.firefox.FirefoxDriver
Capabilities {acceptInsecureCerts: true, browserName: firefox, browserVersion: 87.0, javascriptEnabled: true, moz:accessibilityChecks: false, moz:buildID: 20210318103112, moz:geckodriverVersion: 0.29.0, moz:headless: false, moz:processID: 9644, moz:profile: C:\Users\kosarau\AppData\Lo..., moz:shutdownTimeout: 60000, moz:useNonSpecCompliantPointerOrigin: false, moz:webdriverClick: true, pageLoadStrategy: normal, platform: WINDOWS, platformName: WINDOWS, platformVersion: 10.0, rotatable: false, setWindowRect: true, strictFileInteractability: false, timeouts: {implicit: 0, pageLoad: 300000, script: 30000}, unhandledPromptBehavior: dismiss and notify}
Session ID: fd65def1-457e-4969-818b-488ad491ffa7
*** Element info: {Using=xpath, value=//h2[@class = 'md-title']/b[@class = 'ng-binding2']}
at org.openqa.selenium.remote.codec.w3c.W3CHttpResponseCodec.createException(W3CHttpResponseCodec.java:196)
at org.openqa.selenium.remote.codec.w3c.W3CHttpResponseCodec.decode(W3CHttpResponseCodec.java:129)
at org.openqa.selenium.remote.codec.w3c.W3CHttpResponseCodec.decode(W3CHttpResponseCodec.java:53)
at org.openqa.selenium.remote.HttpCommandExecutor.execute(HttpCommandExecutor.java:167)
at org.openqa.selenium.remote.service.DriverCommandExecutor.execute(DriverCommandExecutor.java:123)
at org.openqa.selenium.remote.RemoteWebDriver.execute(RemoteWebDriver.java:501)
at org.openqa.selenium.remote.RemoteWebDriver.findElement(RemoteWebDriver.java:332)
at org.openqa.selenium.By$ByXPath.findElement(By.java:379)
at org.openqa.selenium.remote.RemoteWebDriver.findElement(RemoteWebDriver.java:312)
at org.openqa.selenium.support.pagefactory.DefaultElementLocator.findElement(DefaultElementLocator.java:70)
at org.openqa.selenium.support.pagefactory.internal.LocatingElementHandler.invoke(LocatingElementHandler.java:39)
at com.sun.proxy.$Proxy28.getText(Unknown Source)
at framework.googleCloudPriceCalculatorApp.page.PriceCalculatorComputeEngineEstimateResultPage.validateEmailEstimateTotalCostIsTheSameAsOnEstimateResultPage(PriceCalculatorComputeEngineEstimateResultPage.java:151)
at framework.googleCloudPriceCalculatorApp.test.HardcoreTest.googleCloudPriceEstimateTotalMonthlyCostInEmailIsTheSameAsOnEstimateResultPage(HardcoreTest.java:30)
at java.base/java.util.ArrayList.forEach(ArrayList.java:1378)
... Removed 34 stack frames]]>
    </failure>
  </testcase> <!-- googleCloudPriceEstimateTotalMonthlyCostInEmailIsTheSameAsOnEstimateResultPage -->
</testsuite> <!-- Hardcore -->
